TN:
SF:src/modules/appointments/services/CreateAppointmentService.ts
FN:15,(anonymous_17)
FN:16,CreateAppointmentService
FN:21,(anonymous_19)
FNF:3
FNH:3
FNDA:1,(anonymous_17)
FNDA:2,CreateAppointmentService
FNDA:3,(anonymous_19)
DA:1,1
DA:2,1
DA:4,1
DA:15,1
DA:18,2
DA:21,1
DA:22,3
DA:23,3
DA:25,3
DA:27,3
DA:31,3
DA:32,1
DA:35,2
DA:40,2
DA:42,1
DA:44,1
LF:16
LH:16
BRDA:31,0,0,1
BRDA:31,0,1,2
BRF:2
BRH:2
end_of_record
TN:
SF:src/modules/users/services/AuthenticateUserService.ts
FN:22,(anonymous_17)
FN:23,AuthenticateUserService
FN:28,(anonymous_19)
FNF:3
FNH:3
FNDA:1,(anonymous_17)
FNDA:1,AuthenticateUserService
FNDA:1,(anonymous_19)
DA:1,1
DA:2,1
DA:3,1
DA:4,1
DA:6,1
DA:22,1
DA:25,1
DA:28,1
DA:29,1
DA:31,1
DA:32,0
DA:35,1
DA:37,1
DA:38,0
DA:41,1
DA:43,1
DA:47,1
DA:52,1
DA:54,1
LF:19
LH:17
BRDA:29,0,0,1
BRDA:31,1,0,0
BRDA:31,1,1,1
BRDA:37,2,0,0
BRDA:37,2,1,1
BRF:5
BRH:3
end_of_record
TN:
SF:src/modules/users/services/CreateUserService.ts
FN:16,(anonymous_17)
FN:17,CreateUserService
FN:22,(anonymous_19)
FNF:3
FNH:3
FNDA:2,(anonymous_17)
FNDA:3,CreateUserService
FNDA:4,(anonymous_19)
DA:1,2
DA:2,2
DA:4,2
DA:16,2
DA:19,3
DA:22,4
DA:23,4
DA:25,4
DA:26,1
DA:29,3
DA:31,3
DA:37,3
DA:39,2
DA:41,2
LF:14
LH:14
BRDA:23,0,0,4
BRDA:25,1,0,1
BRDA:25,1,1,3
BRF:3
BRH:3
end_of_record
